<?xml version="1.0" encoding="UTF-8"?>
<!-- Generated by org.testng.reporters.JUnitXMLReporter -->
<testsuite ignored="0" hostname="TABLET-IUSGV780" failures="2" tests="4" name="Test" time="30.194" errors="0" timestamp="2024-01-19T20:19:36 GMT-05:00">
  <testcase classname="com.banking.testCases.TC_LoginDDT_002" name="loginDDT" time="8.535"/>
  <testcase classname="com.banking.testCases.TC_LoginDDT_002" name="loginDDT" time="4.421">
    <failure type="java.lang.AssertionError" message="expected [true] but found [false]">
      <![CDATA[java.lang.AssertionError: expected [true] but found [false]
at com.banking.testCases.TC_LoginDDT_002.loginDDT(TC_LoginDDT_002.java:27)
at java.base/java.util.ArrayList.forEach(ArrayList.java:1511)
... Removed 31 stack frames]]>
    </failure>
  </testcase> <!-- loginDDT -->
  <testcase classname="com.banking.testCases.TC_LoginDDT_002" name="loginDDT" time="4.151">
    <failure type="java.lang.AssertionError" message="expected [true] but found [false]">
      <![CDATA[java.lang.AssertionError: expected [true] but found [false]
at com.banking.testCases.TC_LoginDDT_002.loginDDT(TC_LoginDDT_002.java:27)
at java.base/java.util.ArrayList.forEach(ArrayList.java:1511)
... Removed 31 stack frames]]>
    </failure>
  </testcase> <!-- loginDDT -->
  <testcase classname="com.banking.testCases.TC_LoginDDT_002" name="loginDDT" time="8.14"/>
</testsuite> <!-- Test -->
