<?xml version="1.0" encoding="UTF-8"?>
<testng-results ignored="0" total="1" passed="1" failed="0" skipped="0">
  <reporter-output>
  </reporter-output>
  <suite started-at="2024-01-18T04:08:49Z" name="Suite" finished-at="2024-01-18T04:08:54Z" duration-ms="4712">
    <groups>
    </groups>
    <test started-at="2024-01-18T04:08:49Z" name="Test" finished-at="2024-01-18T04:08:54Z" duration-ms="4712">
      <class name="com.banking.testCases.TC_LoginTest_001">
        <test-method is-config="true" signature="setup(java.lang.String)[pri:0, instance:com.banking.testCases.TC_LoginTest_001@3514a4c0]" started-at="2024-01-18T04:08:49Z" name="setup" finished-at="2024-01-18T04:08:52Z" duration-ms="3073" status="PASS">
          <params>
            <param index="0">
              <value>
                <![CDATA[chrome]]>
              </value>
            </param>
          </params>
          <reporter-output>
          </reporter-output>
        </test-method> <!-- setup -->
        <test-method signature="loginTest()[pri:0, instance:com.banking.testCases.TC_LoginTest_001@3514a4c0]" started-at="2024-01-18T04:08:52Z" name="loginTest" finished-at="2024-01-18T04:08:54Z" duration-ms="1094" status="PASS">
          <reporter-output>
          </reporter-output>
        </test-method> <!-- loginTest -->
        <test-method is-config="true" signature="tearDown()[pri:0, instance:com.banking.testCases.TC_LoginTest_001@3514a4c0]" started-at="2024-01-18T04:08:54Z" name="tearDown" finished-at="2024-01-18T04:08:54Z" duration-ms="182" status="PASS">
          <reporter-output>
          </reporter-output>
        </test-method> <!-- tearDown -->
      </class> <!-- com.banking.testCases.TC_LoginTest_001 -->
    </test> <!-- Test -->
  </suite> <!-- Suite -->
</testng-results>
